/*C4*/SET SCHEMA PUBLIC
DISCONNECT
/*C5*/SET SCHEMA PUBLIC
create table Cine.Asiento (id varchar(32) not null, num_asiento varchar(32), primary key (id))
alter table CINE.BOLETOS add column asiento varchar(32)
alter table CINE.BOLETOS add column costo numeric(19,2)
alter table CINE.PELICULA add column id varchar(32) not null
alter table CINE.PELICULA add column hora time
create table Cine.Sala (id varchar(32) not null, tipo varchar(32), primary key (id))
SET SCHEMA CINE
INSERT INTO ASIENTO VALUES('23456',NULL)
COMMIT
INSERT INTO BOLETOS VALUES('2345',NULL,NULL,NULL,'2',200.00)
COMMIT
INSERT INTO GENERO VALUES('4590','Terror')
COMMIT
INSERT INTO PELICULA VALUES('El Chiquil 2',NULL,NULL,'4209','12:30:00')
COMMIT
INSERT INTO SALA VALUES('2','Premium')
COMMIT
